🩺 The doctor is checking the health of your Storybook..
╭ Incompatible packages found ───────────────────────────────────────────╮
│                                                                        │
│   The following packages are incompatible with Storybook 8.3.5 as      │
│   they depend on different major versions of Storybook packages:       │
│   - @storybook/addon-a11y@8.2.1 (8.3.5 available!)                     │
│   Repo: https://github.com/storybookjs/storybook/tree/next/code/addo   │
│   ns/a11y                                                              │
│   - @storybook/test@8.2.1 (8.3.5 available!)                           │
│   Repo:                                                                │
│   https://github.com/storybookjs/storybook/tree/next/code/lib/test     │
│                                                                        │
│                                                                        │
│   Please consider updating your packages or contacting the             │
│   maintainers for compatibility details.                               │
│   For more on Storybook 8 compatibility, see the linked GitHub         │
│   issue:                                                               │
│   https://github.com/storybookjs/storybook/issues/26031                │
│                                                                        │
╰────────────────────────────────────────────────────────────────────────╯

You can always recheck the health of your project by running:
npx storybook doctor

Full logs are available in /Users/navrotskyi/Projects/navrik/angular-architecture/doctor-storybook.log

